# JRE version: OpenJDK Runtime Environment (17.0.10) (build 17.0.10+0--11572160)
# Java VM: OpenJDK 64-Bit Server VM (17.0.10+0--11572160, mixed mode, tiered, compressed oops, compressed class ptrs, g1 gc, windows-amd64)
GC Precious Log:
 CPUs: 12 total, 12 available
 Memory: 5989M
 Large Page Support: Disabled
 NUMA Support: Disabled
 Compressed Oops: Enabled (32-bit)
 Heap Region Size: 1M
 Heap Min Capacity: 8M
 Heap Initial Capacity: 94M
 Heap Max Capacity: 2G
 Pre-touch: Disabled
 Parallel Workers: 10
 Concurrent Workers: 3
 Concurrent Refinement Workers: 10
 Periodic GC: Disabled
Heap:
 garbage-first heap   total 68608K, used 30978K [0x0000000080000000, 0x0000000100000000)
  region size 1024K, 3 young (3072K), 3 survivors (3072K)
 Metaspace       used 42758K, committed 43136K, reserved 1114112K
  class space    used 5725K, committed 5888K, reserved 1048576K
GC Heap History (17 events):
Event: 1.356 GC heap before
{Heap before GC invocations=0 (full 0):
 garbage-first heap   total 96256K, used 26624K [0x0000000080000000, 0x0000000100000000)
  region size 1024K, 23 young (23552K), 0 survivors (0K)
 Metaspace       used 10468K, committed 10624K, reserved 1114112K
  class space    used 1088K, committed 1152K, reserved 1048576K
}
Event: 1.365 GC heap after
{Heap after GC invocations=1 (full 0):
 garbage-first heap   total 96256K, used 10680K [0x0000000080000000, 0x0000000100000000)
  region size 1024K, 3 young (3072K), 3 survivors (3072K)
 Metaspace       used 10468K, committed 10624K, reserved 1114112K
  class space    used 1088K, committed 1152K, reserved 1048576K
}
Event: 2.354 GC heap before
{Heap before GC invocations=1 (full 0):
 garbage-first heap   total 96256K, used 38328K [0x0000000080000000, 0x0000000100000000)
  region size 1024K, 30 young (30720K), 3 survivors (3072K)
 Metaspace       used 11432K, committed 11584K, reserved 1114112K
  class space    used 1195K, committed 1280K, reserved 1048576K
}
Event: 2.360 GC heap after
{Heap after GC invocations=2 (full 0):
 garbage-first heap   total 96256K, used 11720K [0x0000000080000000, 0x0000000100000000)
  region size 1024K, 1 young (1024K), 1 survivors (1024K)
 Metaspace       used 11432K, committed 11584K, reserved 1114112K
  class space    used 1195K, committed 1280K, reserved 1048576K
}
Event: 4.306 GC heap before
{Heap before GC invocations=2 (full 0):
 garbage-first heap   total 96256K, used 61896K [0x0000000080000000, 0x0000000100000000)
  region size 1024K, 51 young (52224K), 1 survivors (1024K)
 Metaspace       used 21322K, committed 21504K, reserved 1114112K
  class space    used 2505K, committed 2624K, reserved 1048576K
}
Event: 4.318 GC heap after
{Heap after GC invocations=3 (full 0):
 garbage-first heap   total 96256K, used 19256K [0x0000000080000000, 0x0000000100000000)
  region size 1024K, 7 young (7168K), 7 survivors (7168K)
 Metaspace       used 21322K, committed 21504K, reserved 1114112K
  class space    used 2505K, committed 2624K, reserved 1048576K
}
Event: 5.325 GC heap before
{Heap before GC invocations=4 (full 0):
 garbage-first heap   total 68608K, used 53048K [0x0000000080000000, 0x0000000100000000)
  region size 1024K, 40 young (40960K), 7 survivors (7168K)
 Metaspace       used 26544K, committed 26816K, reserved 1114112K
  class space    used 3417K, committed 3520K, reserved 1048576K
}
Event: 5.334 GC heap after
{Heap after GC invocations=5 (full 0):
 garbage-first heap   total 68608K, used 21280K [0x0000000080000000, 0x0000000100000000)
  region size 1024K, 3 young (3072K), 3 survivors (3072K)
 Metaspace       used 26544K, committed 26816K, reserved 1114112K
  class space    used 3417K, committed 3520K, reserved 1048576K
}
Event: 6.069 GC heap before
{Heap before GC invocations=5 (full 0):
 garbage-first heap   total 68608K, used 46880K [0x0000000080000000, 0x0000000100000000)
  region size 1024K, 29 young (29696K), 3 survivors (3072K)
 Metaspace       used 30084K, committed 30400K, reserved 1114112K
  class space    used 4025K, committed 4160K, reserved 1048576K
}
Event: 6.075 GC heap after
{Heap after GC invocations=6 (full 0):
 garbage-first heap   total 68608K, used 22621K [0x0000000080000000, 0x0000000100000000)
  region size 1024K, 4 young (4096K), 4 survivors (4096K)
 Metaspace       used 30084K, committed 30400K, reserved 1114112K
  class space    used 4025K, committed 4160K, reserved 1048576K
}
Event: 6.859 GC heap before
{Heap before GC invocations=6 (full 0):
 garbage-first heap   total 68608K, used 50269K [0x0000000080000000, 0x0000000100000000)
  region size 1024K, 31 young (31744K), 4 survivors (4096K)
 Metaspace       used 33453K, committed 33792K, reserved 1114112K
  class space    used 4567K, committed 4736K, reserved 1048576K
}
Event: 6.868 GC heap after
{Heap after GC invocations=7 (full 0):
 garbage-first heap   total 68608K, used 23950K [0x0000000080000000, 0x0000000100000000)
  region size 1024K, 3 young (3072K), 3 survivors (3072K)
 Metaspace       used 33453K, committed 33792K, reserved 1114112K
  class space    used 4567K, committed 4736K, reserved 1048576K
}
Event: 7.259 GC heap before
{Heap before GC invocations=7 (full 0):
 garbage-first heap   total 68608K, used 37262K [0x0000000080000000, 0x0000000100000000)
  region size 1024K, 17 young (17408K), 3 survivors (3072K)
 Metaspace       used 35783K, committed 36096K, reserved 1114112K
  class space    used 4913K, committed 5056K, reserved 1048576K
}
Event: 7.265 GC heap after
{Heap after GC invocations=8 (full 0):
 garbage-first heap   total 68608K, used 24786K [0x0000000080000000, 0x0000000100000000)
  region size 1024K, 3 young (3072K), 3 survivors (3072K)
 Metaspace       used 35783K, committed 36096K, reserved 1114112K
  class space    used 4913K, committed 5056K, reserved 1048576K
}
Event: 8.000 GC heap before
{Heap before GC invocations=9 (full 0):
 garbage-first heap   total 68608K, used 50386K [0x0000000080000000, 0x0000000100000000)
  region size 1024K, 29 young (29696K), 3 survivors (3072K)
 Metaspace       used 40768K, committed 41152K, reserved 1114112K
  class space    used 5413K, committed 5568K, reserved 1048576K
}
Event: 8.009 GC heap after
{Heap after GC invocations=10 (full 0):
 garbage-first heap   total 68608K, used 28041K [0x0000000080000000, 0x0000000100000000)
  region size 1024K, 4 young (4096K), 4 survivors (4096K)
 Metaspace       used 40768K, committed 41152K, reserved 1114112K
  class space    used 5413K, committed 5568K, reserved 1048576K
}
Event: 8.616 GC heap before
{Heap before GC invocations=10 (full 0):
 garbage-first heap   total 68608K, used 51593K [0x0000000080000000, 0x0000000100000000)
  region size 1024K, 28 young (28672K), 4 survivors (4096K)
 Metaspace       used 42758K, committed 43136K, reserved 1114112K
  class space    used 5725K, committed 5888K, reserved 1048576K
}

