# JRE version: OpenJDK Runtime Environment (17.0.10) (build 17.0.10+0--11572160)
# Java VM: OpenJDK 64-Bit Server VM (17.0.10+0--11572160, mixed mode, tiered, compressed oops, compressed class ptrs, g1 gc, windows-amd64)
GC Precious Log:
 CPUs: 12 total, 12 available
 Memory: 5989M
 Large Page Support: Disabled
 NUMA Support: Disabled
 Compressed Oops: Enabled (32-bit)
 Heap Region Size: 1M
 Heap Min Capacity: 8M
 Heap Initial Capacity: 94M
 Heap Max Capacity: 2G
 Pre-touch: Disabled
 Parallel Workers: 10
 Concurrent Workers: 3
 Concurrent Refinement Workers: 10
 Periodic GC: Disabled
Heap:
 garbage-first heap   total 68608K, used 27992K [0x0000000080000000, 0x0000000100000000)
  region size 1024K, 1 young (1024K), 1 survivors (1024K)
 Metaspace       used 40758K, committed 41088K, reserved 1114112K
  class space    used 5413K, committed 5568K, reserved 1048576K
GC Heap History (19 events):
Event: 1.186 GC heap before
{Heap before GC invocations=0 (full 0):
 garbage-first heap   total 96256K, used 26624K [0x0000000080000000, 0x0000000100000000)
  region size 1024K, 23 young (23552K), 0 survivors (0K)
 Metaspace       used 10459K, committed 10624K, reserved 1114112K
  class space    used 1088K, committed 1152K, reserved 1048576K
}
Event: 1.194 GC heap after
{Heap after GC invocations=1 (full 0):
 garbage-first heap   total 96256K, used 10360K [0x0000000080000000, 0x0000000100000000)
  region size 1024K, 3 young (3072K), 3 survivors (3072K)
 Metaspace       used 10459K, committed 10624K, reserved 1114112K
  class space    used 1088K, committed 1152K, reserved 1048576K
}
Event: 2.094 GC heap before
{Heap before GC invocations=1 (full 0):
 garbage-first heap   total 96256K, used 38008K [0x0000000080000000, 0x0000000100000000)
  region size 1024K, 30 young (30720K), 3 survivors (3072K)
 Metaspace       used 11424K, committed 11584K, reserved 1114112K
  class space    used 1195K, committed 1280K, reserved 1048576K
}
Event: 2.101 GC heap after
{Heap after GC invocations=2 (full 0):
 garbage-first heap   total 96256K, used 11318K [0x0000000080000000, 0x0000000100000000)
  region size 1024K, 1 young (1024K), 1 survivors (1024K)
 Metaspace       used 11424K, committed 11584K, reserved 1114112K
  class space    used 1195K, committed 1280K, reserved 1048576K
}
Event: 3.775 GC heap before
{Heap before GC invocations=2 (full 0):
 garbage-first heap   total 96256K, used 60470K [0x0000000080000000, 0x0000000100000000)
  region size 1024K, 50 young (51200K), 1 survivors (1024K)
 Metaspace       used 21275K, committed 21504K, reserved 1114112K
  class space    used 2501K, committed 2624K, reserved 1048576K
}
Event: 3.789 GC heap after
{Heap after GC invocations=3 (full 0):
 garbage-first heap   total 96256K, used 19174K [0x0000000080000000, 0x0000000100000000)
  region size 1024K, 7 young (7168K), 7 survivors (7168K)
 Metaspace       used 21275K, committed 21504K, reserved 1114112K
  class space    used 2501K, committed 2624K, reserved 1048576K
}
Event: 4.720 GC heap before
{Heap before GC invocations=4 (full 0):
 garbage-first heap   total 68608K, used 52966K [0x0000000080000000, 0x0000000100000000)
  region size 1024K, 40 young (40960K), 7 survivors (7168K)
 Metaspace       used 26538K, committed 26752K, reserved 1114112K
  class space    used 3415K, committed 3520K, reserved 1048576K
}
Event: 4.730 GC heap after
{Heap after GC invocations=5 (full 0):
 garbage-first heap   total 68608K, used 20699K [0x0000000080000000, 0x0000000100000000)
  region size 1024K, 2 young (2048K), 2 survivors (2048K)
 Metaspace       used 26538K, committed 26752K, reserved 1114112K
  class space    used 3415K, committed 3520K, reserved 1048576K
}
Event: 4.749 GC heap before
{Heap before GC invocations=5 (full 0):
 garbage-first heap   total 68608K, used 21723K [0x0000000080000000, 0x0000000100000000)
  region size 1024K, 3 young (3072K), 2 survivors (2048K)
 Metaspace       used 26697K, committed 26944K, reserved 1114112K
  class space    used 3448K, committed 3584K, reserved 1048576K
}
Event: 4.754 GC heap after
{Heap after GC invocations=6 (full 0):
 garbage-first heap   total 68608K, used 20680K [0x0000000080000000, 0x0000000100000000)
  region size 1024K, 1 young (1024K), 1 survivors (1024K)
 Metaspace       used 26697K, committed 26944K, reserved 1114112K
  class space    used 3448K, committed 3584K, reserved 1048576K
}
Event: 5.457 GC heap before
{Heap before GC invocations=6 (full 0):
 garbage-first heap   total 68608K, used 47304K [0x0000000080000000, 0x0000000100000000)
  region size 1024K, 27 young (27648K), 1 survivors (1024K)
 Metaspace       used 30207K, committed 30464K, reserved 1114112K
  class space    used 4053K, committed 4160K, reserved 1048576K
}
Event: 5.461 GC heap after
{Heap after GC invocations=7 (full 0):
 garbage-first heap   total 68608K, used 22220K [0x0000000080000000, 0x0000000100000000)
  region size 1024K, 2 young (2048K), 2 survivors (2048K)
 Metaspace       used 30207K, committed 30464K, reserved 1114112K
  class space    used 4053K, committed 4160K, reserved 1048576K
}
Event: 6.086 GC heap before
{Heap before GC invocations=7 (full 0):
 garbage-first heap   total 68608K, used 49868K [0x0000000080000000, 0x0000000100000000)
  region size 1024K, 29 young (29696K), 2 survivors (2048K)
 Metaspace       used 33564K, committed 33920K, reserved 1114112K
  class space    used 4591K, committed 4736K, reserved 1048576K
}
Event: 6.091 GC heap after
{Heap after GC invocations=8 (full 0):
 garbage-first heap   total 68608K, used 23326K [0x0000000080000000, 0x0000000100000000)
  region size 1024K, 3 young (3072K), 3 survivors (3072K)
 Metaspace       used 33564K, committed 33920K, reserved 1114112K
  class space    used 4591K, committed 4736K, reserved 1048576K
}
Event: 6.376 GC heap before
{Heap before GC invocations=8 (full 0):
 garbage-first heap   total 68608K, used 33566K [0x0000000080000000, 0x0000000100000000)
  region size 1024K, 15 young (15360K), 3 survivors (3072K)
 Metaspace       used 35624K, committed 35968K, reserved 1114112K
  class space    used 4882K, committed 5056K, reserved 1048576K
}
Event: 6.383 GC heap after
{Heap after GC invocations=9 (full 0):
 garbage-first heap   total 68608K, used 23977K [0x0000000080000000, 0x0000000100000000)
  region size 1024K, 2 young (2048K), 2 survivors (2048K)
 Metaspace       used 35624K, committed 35968K, reserved 1114112K
  class space    used 4882K, committed 5056K, reserved 1048576K
}
Event: 7.007 GC heap before
{Heap before GC invocations=10 (full 0):
 garbage-first heap   total 68608K, used 51625K [0x0000000080000000, 0x0000000100000000)
  region size 1024K, 30 young (30720K), 2 survivors (2048K)
 Metaspace       used 40757K, committed 41088K, reserved 1114112K
  class space    used 5413K, committed 5568K, reserved 1048576K
}
Event: 7.013 GC heap after
{Heap after GC invocations=11 (full 0):
 garbage-first heap   total 68608K, used 27530K [0x0000000080000000, 0x0000000100000000)
  region size 1024K, 4 young (4096K), 4 survivors (4096K)
 Metaspace       used 40757K, committed 41088K, reserved 1114112K
  class space    used 5413K, committed 5568K, reserved 1048576K
}
Event: 7.017 GC heap before
{Heap before GC invocations=11 (full 0):
 garbage-first heap   total 68608K, used 28554K [0x0000000080000000, 0x0000000100000000)
  region size 1024K, 5 young (5120K), 4 survivors (4096K)
 Metaspace       used 40758K, committed 41088K, reserved 1114112K
  class space    used 5413K, committed 5568K, reserved 1048576K
}

