# JRE version: OpenJDK Runtime Environment (17.0.10) (build 17.0.10+0--11572160)
# Java VM: OpenJDK 64-Bit Server VM (17.0.10+0--11572160, mixed mode, tiered, compressed oops, compressed class ptrs, g1 gc, windows-amd64)
GC Precious Log:
 CPUs: 12 total, 12 available
 Memory: 5989M
 Large Page Support: Disabled
 NUMA Support: Disabled
 Compressed Oops: Enabled (32-bit)
 Heap Region Size: 1M
 Heap Min Capacity: 8M
 Heap Initial Capacity: 94M
 Heap Max Capacity: 2G
 Pre-touch: Disabled
 Parallel Workers: 10
 Concurrent Workers: 3
 Concurrent Refinement Workers: 10
 Periodic GC: Disabled
Heap:
 garbage-first heap   total 82944K, used 34895K [0x0000000080000000, 0x0000000100000000)
  region size 1024K, 2 young (2048K), 1 survivors (1024K)
 Metaspace       used 43397K, committed 43776K, reserved 1114112K
  class space    used 5731K, committed 5888K, reserved 1048576K
GC Heap History (20 events):
Event: 1.174 GC heap before
{Heap before GC invocations=0 (full 0):
 garbage-first heap   total 96256K, used 26624K [0x0000000080000000, 0x0000000100000000)
  region size 1024K, 23 young (23552K), 0 survivors (0K)
 Metaspace       used 10451K, committed 10624K, reserved 1114112K
  class space    used 1088K, committed 1152K, reserved 1048576K
}
Event: 1.182 GC heap after
{Heap after GC invocations=1 (full 0):
 garbage-first heap   total 96256K, used 10408K [0x0000000080000000, 0x0000000100000000)
  region size 1024K, 3 young (3072K), 3 survivors (3072K)
 Metaspace       used 10451K, committed 10624K, reserved 1114112K
  class space    used 1088K, committed 1152K, reserved 1048576K
}
Event: 2.047 GC heap before
{Heap before GC invocations=1 (full 0):
 garbage-first heap   total 96256K, used 38056K [0x0000000080000000, 0x0000000100000000)
  region size 1024K, 30 young (30720K), 3 survivors (3072K)
 Metaspace       used 11427K, committed 11584K, reserved 1114112K
  class space    used 1196K, committed 1280K, reserved 1048576K
}
Event: 2.054 GC heap after
{Heap after GC invocations=2 (full 0):
 garbage-first heap   total 96256K, used 11651K [0x0000000080000000, 0x0000000100000000)
  region size 1024K, 1 young (1024K), 1 survivors (1024K)
 Metaspace       used 11427K, committed 11584K, reserved 1114112K
  class space    used 1196K, committed 1280K, reserved 1048576K
}
Event: 3.695 GC heap before
{Heap before GC invocations=2 (full 0):
 garbage-first heap   total 96256K, used 61827K [0x0000000080000000, 0x0000000100000000)
  region size 1024K, 51 young (52224K), 1 survivors (1024K)
 Metaspace       used 21282K, committed 21504K, reserved 1114112K
  class space    used 2506K, committed 2624K, reserved 1048576K
}
Event: 3.705 GC heap after
{Heap after GC invocations=3 (full 0):
 garbage-first heap   total 96256K, used 19186K [0x0000000080000000, 0x0000000100000000)
  region size 1024K, 7 young (7168K), 7 survivors (7168K)
 Metaspace       used 21282K, committed 21504K, reserved 1114112K
  class space    used 2506K, committed 2624K, reserved 1048576K
}
Event: 4.566 GC heap before
{Heap before GC invocations=4 (full 0):
 garbage-first heap   total 68608K, used 52978K [0x0000000080000000, 0x0000000100000000)
  region size 1024K, 40 young (40960K), 7 survivors (7168K)
 Metaspace       used 26540K, committed 26752K, reserved 1114112K
  class space    used 3421K, committed 3520K, reserved 1048576K
}
Event: 4.574 GC heap after
{Heap after GC invocations=5 (full 0):
 garbage-first heap   total 68608K, used 21230K [0x0000000080000000, 0x0000000100000000)
  region size 1024K, 3 young (3072K), 3 survivors (3072K)
 Metaspace       used 26540K, committed 26752K, reserved 1114112K
  class space    used 3421K, committed 3520K, reserved 1048576K
}
Event: 5.207 GC heap before
{Heap before GC invocations=5 (full 0):
 garbage-first heap   total 68608K, used 47854K [0x0000000080000000, 0x0000000100000000)
  region size 1024K, 29 young (29696K), 3 survivors (3072K)
 Metaspace       used 30095K, committed 30400K, reserved 1114112K
  class space    used 4032K, committed 4160K, reserved 1048576K
}
Event: 5.213 GC heap after
{Heap after GC invocations=6 (full 0):
 garbage-first heap   total 68608K, used 22725K [0x0000000080000000, 0x0000000100000000)
  region size 1024K, 4 young (4096K), 4 survivors (4096K)
 Metaspace       used 30095K, committed 30400K, reserved 1114112K
  class space    used 4032K, committed 4160K, reserved 1048576K
}
Event: 5.885 GC heap before
{Heap before GC invocations=6 (full 0):
 garbage-first heap   total 68608K, used 50373K [0x0000000080000000, 0x0000000100000000)
  region size 1024K, 31 young (31744K), 4 survivors (4096K)
 Metaspace       used 33477K, committed 33792K, reserved 1114112K
  class space    used 4575K, committed 4736K, reserved 1048576K
}
Event: 5.892 GC heap after
{Heap after GC invocations=7 (full 0):
 garbage-first heap   total 68608K, used 23946K [0x0000000080000000, 0x0000000100000000)
  region size 1024K, 3 young (3072K), 3 survivors (3072K)
 Metaspace       used 33477K, committed 33792K, reserved 1114112K
  class space    used 4575K, committed 4736K, reserved 1048576K
}
Event: 6.208 GC heap before
{Heap before GC invocations=7 (full 0):
 garbage-first heap   total 68608K, used 35210K [0x0000000080000000, 0x0000000100000000)
  region size 1024K, 16 young (16384K), 3 survivors (3072K)
 Metaspace       used 35631K, committed 35968K, reserved 1114112K
  class space    used 4885K, committed 5056K, reserved 1048576K
}
Event: 6.215 GC heap after
{Heap after GC invocations=8 (full 0):
 garbage-first heap   total 68608K, used 24598K [0x0000000080000000, 0x0000000100000000)
  region size 1024K, 2 young (2048K), 2 survivors (2048K)
 Metaspace       used 35631K, committed 35968K, reserved 1114112K
  class space    used 4885K, committed 5056K, reserved 1048576K
}
Event: 6.876 GC heap before
{Heap before GC invocations=9 (full 0):
 garbage-first heap   total 68608K, used 51222K [0x0000000080000000, 0x0000000100000000)
  region size 1024K, 29 young (29696K), 2 survivors (2048K)
 Metaspace       used 40766K, committed 41088K, reserved 1114112K
  class space    used 5414K, committed 5568K, reserved 1048576K
}
Event: 6.882 GC heap after
{Heap after GC invocations=10 (full 0):
 garbage-first heap   total 68608K, used 27941K [0x0000000080000000, 0x0000000100000000)
  region size 1024K, 4 young (4096K), 4 survivors (4096K)
 Metaspace       used 40766K, committed 41088K, reserved 1114112K
  class space    used 5414K, committed 5568K, reserved 1048576K
}
Event: 7.361 GC heap before
{Heap before GC invocations=10 (full 0):
 garbage-first heap   total 68608K, used 51493K [0x0000000080000000, 0x0000000100000000)
  region size 1024K, 28 young (28672K), 4 survivors (4096K)
 Metaspace       used 42748K, committed 43136K, reserved 1114112K
  class space    used 5725K, committed 5888K, reserved 1048576K
}
Event: 7.368 GC heap after
{Heap after GC invocations=11 (full 0):
 garbage-first heap   total 68608K, used 30833K [0x0000000080000000, 0x0000000100000000)
  region size 1024K, 3 young (3072K), 3 survivors (3072K)
 Metaspace       used 42748K, committed 43136K, reserved 1114112K
  class space    used 5725K, committed 5888K, reserved 1048576K
}
Event: 7.372 GC heap before
{Heap before GC invocations=11 (full 0):
 garbage-first heap   total 68608K, used 33905K [0x0000000080000000, 0x0000000100000000)
  region size 1024K, 4 young (4096K), 3 survivors (3072K)
 Metaspace       used 42748K, committed 43136K, reserved 1114112K
  class space    used 5725K, committed 5888K, reserved 1048576K
}
Event: 7.376 GC heap after
{Heap after GC invocations=12 (full 0):
 garbage-first heap   total 82944K, used 32847K [0x0000000080000000, 0x0000000100000000)
  region size 1024K, 1 young (1024K), 1 survivors (1024K)
 Metaspace       used 42748K, committed 43136K, reserved 1114112K
  class space    used 5725K, committed 5888K, reserved 1048576K
}

