# JRE version: OpenJDK Runtime Environment (17.0.10) (build 17.0.10+0--11572160)
# Java VM: OpenJDK 64-Bit Server VM (17.0.10+0--11572160, mixed mode, tiered, compressed oops, compressed class ptrs, g1 gc, windows-amd64)
GC Precious Log:
 CPUs: 12 total, 12 available
 Memory: 5989M
 Large Page Support: Disabled
 NUMA Support: Disabled
 Compressed Oops: Enabled (32-bit)
 Heap Region Size: 1M
 Heap Min Capacity: 8M
 Heap Initial Capacity: 94M
 Heap Max Capacity: 2G
 Pre-touch: Disabled
 Parallel Workers: 10
 Concurrent Workers: 3
 Concurrent Refinement Workers: 10
 Periodic GC: Disabled
Heap:
 garbage-first heap   total 82944K, used 37979K [0x0000000080000000, 0x0000000100000000)
  region size 1024K, 9 young (9216K), 4 survivors (4096K)
 Metaspace       used 46421K, committed 46848K, reserved 1114112K
  class space    used 6174K, committed 6336K, reserved 1048576K
GC Heap History (20 events):
Event: 1.183 GC heap before
{Heap before GC invocations=0 (full 0):
 garbage-first heap   total 96256K, used 26624K [0x0000000080000000, 0x0000000100000000)
  region size 1024K, 23 young (23552K), 0 survivors (0K)
 Metaspace       used 10445K, committed 10624K, reserved 1114112K
  class space    used 1087K, committed 1152K, reserved 1048576K
}
Event: 1.192 GC heap after
{Heap after GC invocations=1 (full 0):
 garbage-first heap   total 96256K, used 10640K [0x0000000080000000, 0x0000000100000000)
  region size 1024K, 3 young (3072K), 3 survivors (3072K)
 Metaspace       used 10445K, committed 10624K, reserved 1114112K
  class space    used 1087K, committed 1152K, reserved 1048576K
}
Event: 2.063 GC heap before
{Heap before GC invocations=1 (full 0):
 garbage-first heap   total 96256K, used 38288K [0x0000000080000000, 0x0000000100000000)
  region size 1024K, 30 young (30720K), 3 survivors (3072K)
 Metaspace       used 11425K, committed 11584K, reserved 1114112K
  class space    used 1195K, committed 1280K, reserved 1048576K
}
Event: 2.069 GC heap after
{Heap after GC invocations=2 (full 0):
 garbage-first heap   total 96256K, used 11341K [0x0000000080000000, 0x0000000100000000)
  region size 1024K, 1 young (1024K), 1 survivors (1024K)
 Metaspace       used 11425K, committed 11584K, reserved 1114112K
  class space    used 1195K, committed 1280K, reserved 1048576K
}
Event: 3.811 GC heap before
{Heap before GC invocations=2 (full 0):
 garbage-first heap   total 96256K, used 61517K [0x0000000080000000, 0x0000000100000000)
  region size 1024K, 51 young (52224K), 1 survivors (1024K)
 Metaspace       used 21263K, committed 21504K, reserved 1114112K
  class space    used 2501K, committed 2624K, reserved 1048576K
}
Event: 3.826 GC heap after
{Heap after GC invocations=3 (full 0):
 garbage-first heap   total 96256K, used 19150K [0x0000000080000000, 0x0000000100000000)
  region size 1024K, 7 young (7168K), 7 survivors (7168K)
 Metaspace       used 21263K, committed 21504K, reserved 1114112K
  class space    used 2501K, committed 2624K, reserved 1048576K
}
Event: 4.681 GC heap before
{Heap before GC invocations=4 (full 0):
 garbage-first heap   total 68608K, used 52942K [0x0000000080000000, 0x0000000100000000)
  region size 1024K, 40 young (40960K), 7 survivors (7168K)
 Metaspace       used 26484K, committed 26752K, reserved 1114112K
  class space    used 3408K, committed 3520K, reserved 1048576K
}
Event: 4.689 GC heap after
{Heap after GC invocations=5 (full 0):
 garbage-first heap   total 68608K, used 20896K [0x0000000080000000, 0x0000000100000000)
  region size 1024K, 2 young (2048K), 2 survivors (2048K)
 Metaspace       used 26484K, committed 26752K, reserved 1114112K
  class space    used 3408K, committed 3520K, reserved 1048576K
}
Event: 5.427 GC heap before
{Heap before GC invocations=5 (full 0):
 garbage-first heap   total 68608K, used 48544K [0x0000000080000000, 0x0000000100000000)
  region size 1024K, 29 young (29696K), 2 survivors (2048K)
 Metaspace       used 30186K, committed 30464K, reserved 1114112K
  class space    used 4050K, committed 4160K, reserved 1048576K
}
Event: 5.433 GC heap after
{Heap after GC invocations=6 (full 0):
 garbage-first heap   total 68608K, used 22463K [0x0000000080000000, 0x0000000100000000)
  region size 1024K, 4 young (4096K), 4 survivors (4096K)
 Metaspace       used 30186K, committed 30464K, reserved 1114112K
  class space    used 4050K, committed 4160K, reserved 1048576K
}
Event: 6.087 GC heap before
{Heap before GC invocations=6 (full 0):
 garbage-first heap   total 68608K, used 49087K [0x0000000080000000, 0x0000000100000000)
  region size 1024K, 31 young (31744K), 4 survivors (4096K)
 Metaspace       used 33567K, committed 33920K, reserved 1114112K
  class space    used 4590K, committed 4736K, reserved 1048576K
}
Event: 6.094 GC heap after
{Heap after GC invocations=7 (full 0):
 garbage-first heap   total 68608K, used 23704K [0x0000000080000000, 0x0000000100000000)
  region size 1024K, 3 young (3072K), 3 survivors (3072K)
 Metaspace       used 33567K, committed 33920K, reserved 1114112K
  class space    used 4590K, committed 4736K, reserved 1048576K
}
Event: 6.383 GC heap before
{Heap before GC invocations=7 (full 0):
 garbage-first heap   total 68608K, used 33944K [0x0000000080000000, 0x0000000100000000)
  region size 1024K, 15 young (15360K), 3 survivors (3072K)
 Metaspace       used 35625K, committed 35968K, reserved 1114112K
  class space    used 4881K, committed 5056K, reserved 1048576K
}
Event: 6.388 GC heap after
{Heap after GC invocations=8 (full 0):
 garbage-first heap   total 68608K, used 24415K [0x0000000080000000, 0x0000000100000000)
  region size 1024K, 2 young (2048K), 2 survivors (2048K)
 Metaspace       used 35625K, committed 35968K, reserved 1114112K
  class space    used 4881K, committed 5056K, reserved 1048576K
}
Event: 7.033 GC heap before
{Heap before GC invocations=9 (full 0):
 garbage-first heap   total 68608K, used 51039K [0x0000000080000000, 0x0000000100000000)
  region size 1024K, 29 young (29696K), 2 survivors (2048K)
 Metaspace       used 40759K, committed 41088K, reserved 1114112K
  class space    used 5411K, committed 5568K, reserved 1048576K
}
Event: 7.041 GC heap after
{Heap after GC invocations=10 (full 0):
 garbage-first heap   total 68608K, used 27815K [0x0000000080000000, 0x0000000100000000)
  region size 1024K, 4 young (4096K), 4 survivors (4096K)
 Metaspace       used 40759K, committed 41088K, reserved 1114112K
  class space    used 5411K, committed 5568K, reserved 1048576K
}
Event: 7.502 GC heap before
{Heap before GC invocations=10 (full 0):
 garbage-first heap   total 68608K, used 51367K [0x0000000080000000, 0x0000000100000000)
  region size 1024K, 28 young (28672K), 4 survivors (4096K)
 Metaspace       used 42751K, committed 43136K, reserved 1114112K
  class space    used 5721K, committed 5888K, reserved 1048576K
}
Event: 7.510 GC heap after
{Heap after GC invocations=11 (full 0):
 garbage-first heap   total 82944K, used 30871K [0x0000000080000000, 0x0000000100000000)
  region size 1024K, 3 young (3072K), 3 survivors (3072K)
 Metaspace       used 42751K, committed 43136K, reserved 1114112K
  class space    used 5721K, committed 5888K, reserved 1048576K
}
Event: 8.187 GC heap before
{Heap before GC invocations=11 (full 0):
 garbage-first heap   total 82944K, used 67735K [0x0000000080000000, 0x0000000100000000)
  region size 1024K, 34 young (34816K), 3 survivors (3072K)
 Metaspace       used 45797K, committed 46144K, reserved 1114112K
  class space    used 6076K, committed 6208K, reserved 1048576K
}
Event: 8.195 GC heap after
{Heap after GC invocations=12 (full 0):
 garbage-first heap   total 82944K, used 33883K [0x0000000080000000, 0x0000000100000000)
  region size 1024K, 4 young (4096K), 4 survivors (4096K)
 Metaspace       used 45797K, committed 46144K, reserved 1114112K
  class space    used 6076K, committed 6208K, reserved 1048576K
}

